#
# There is insufficient memory for the Java Runtime Environment to continue.
# Native memory allocation (mmap) failed to map 264241152 bytes for G1 virtual space
# Possible reasons:
#   The system is out of physical RAM or swap space
#   The process is running with CompressedOops enabled, and the Java Heap may be blocking the growth of the native heap
# Possible solutions:
#   Reduce memory load on the system
#   Increase physical memory or swap space
#   Check if swap backing store is full
#   Decrease Java heap size (-Xmx/-Xms)
#   Decrease number of Java threads
#   Decrease Java thread stack sizes (-Xss)
#   Set larger code cache with -XX:ReservedCodeCacheSize=
#   JVM is running with Zero Based Compressed Oops mode in which the Java heap is
#     placed in the first 32GB address space. The Java Heap base address is the
#     maximum limit for the native heap growth. Please use -XX:HeapBaseMinAddress
#     to set the Java Heap base and to place the Java Heap above 32GB virtual address.
# This output file may be truncated or incomplete.
#
#  Out of Memory Error (os_windows.cpp:3528), pid=9488, tid=15056
#
# JRE version:  (20.0.1+9) (build )
# Java VM: Java HotSpot(TM) 64-Bit Server VM (20.0.1+9-29, mixed mode, sharing, tiered, compressed oops, compressed class ptrs, g1 gc, windows-amd64)
# No core dump will be written. Minidumps are not enabled by default on client versions of Windows
#

---------------  S U M M A R Y ------------

Command Line: --enable-preview -XX:+ShowCodeDetailsInExceptionMessages StackQuestios.q1

Host: 13th Gen Intel(R) Core(TM) i5-1340P, 16 cores, 15G,  Windows 11 , 64 bit Build 22621 (10.0.22621.1928)
Time: Tue Aug 22 18:44:11 2023 India Standard Time elapsed time: 0.128615 seconds (0d 0h 0m 0s)

---------------  T H R E A D  ---------------

Current thread (0x000002b52b2ded40):  JavaThread "Unknown thread" [_thread_in_vm, id=15056, stack(0x000000c2de300000,0x000000c2de400000)]

Stack: [0x000000c2de300000,0x000000c2de400000]
Native frames: (J=compiled Java code, j=interpreted, Vv=VM code, C=native code)
V  [jvm.dll+0x6bb95a]
V  [jvm.dll+0x8485fa]
V  [jvm.dll+0x84a1f5]
V  [jvm.dll+0x84a8f3]
V  [jvm.dll+0x280b0f]
V  [jvm.dll+0x6b86e9]
V  [jvm.dll+0x6ad2da]
V  [jvm.dll+0x35adf5]
V  [jvm.dll+0x363016]
V  [jvm.dll+0x3b3b3e]
V  [jvm.dll+0x3b3dc5]
V  [jvm.dll+0x32b50a]
V  [jvm.dll+0x32c32b]
V  [jvm.dll+0x8112bf]
V  [jvm.dll+0x3c0d91]
V  [jvm.dll+0x7fcfe3]
V  [jvm.dll+0x44c76f]
V  [jvm.dll+0x44e0e1]
C  [jli.dll+0x5287]
C  [ucrtbase.dll+0x29363]
C  [KERNEL32.DLL+0x126ad]
C  [ntdll.dll+0x5aa68]


---------------  P R O C E S S  ---------------

Threads class SMR info:
_java_thread_list=0x00007ffdda4da098, length=0, elements={
}

Java Threads: ( => current thread )

Other Threads:
  0x000002b52b34ea20 WorkerThread "GC Thread#0" [stack: 0x000000c2de400000,0x000000c2de500000] [id=11412]
  0x000002b54a262010 ConcurrentGCThread "G1 Main Marker" [stack: 0x000000c2de500000,0x000000c2de600000] [id=1584]
  0x000002b54a262a40 WorkerThread "G1 Conc#0" [stack: 0x000000c2de600000,0x000000c2de700000] [id=21844]

[error occurred during error reporting (printing all threads), id 0xc0000005, EXCEPTION_ACCESS_VIOLATION (0xc0000005) at pc=0x00007ffdd9cbeb47]
VM state: not at safepoint (not fully initialized)

VM Mutex/Monitor currently owned by a thread:  ([mutex/lock_event])
[0x000002b52b2dddd0] Heap_lock - owner thread: 0x000002b52b2ded40

Heap address: 0x0000000705800000, size: 4008 MB, Compressed Oops mode: Zero based, Oop shift amount: 3

CDS archive(s) mapped at: [0x0000000000000000-0x0000000000000000-0x0000000000000000), size 0, SharedBaseAddress: 0x0000000800000000, ArchiveRelocationMode: 0.
Narrow klass base: 0x0000000000000000, Narrow klass shift: 0, Narrow klass range: 0x0

GC Precious Log:
 CardTable entry size: 512
 Card Set container configuration: InlinePtr #cards 4 size 8 Array Of Cards #cards 16 size 48 Howl #buckets 8 coarsen threshold 3686 Howl Bitmap #cards 512 size 80 coarsen threshold 460 Card regions per heap region 1 cards per card region 4096

Heap:
 garbage-first heap   total 0K, used 0K [0x0000000705800000, 0x0000000800000000)
  region size 2048K, 0 young (0K), 0 survivors (0K)

[error occurred during error reporting (printing heap information), id 0xc0000005, EXCEPTION_ACCESS_VIOLATION (0xc0000005) at pc=0x00007ffdda093c59]
GC Heap History (0 events):
No events

Dll operation events (1 events):
Event: 0.093 Loaded shared library C:\Program Files\Java\jdk-20\bin\java.dll

Deoptimization events (0 events):
No events

Classes loaded (0 events):
No events

Classes unloaded (0 events):
No events

Classes redefined (0 events):
No events

Internal exceptions (0 events):
No events

VM Operations (0 events):
No events

Events (0 events):
No events


Dynamic libraries:
0x00007ff798e00000 - 0x00007ff798e10000 	C:\Program Files\Java\jdk-20\bin\java.exe
0x00007ffe32ad0000 - 0x00007ffe32ce4000 	C:\WINDOWS\SYSTEM32\ntdll.dll
0x00007ffe320c0000 - 0x00007ffe32182000 	C:\WINDOWS\System32\KERNEL32.DLL
0x00007ffe30490000 - 0x00007ffe30833000 	C:\WINDOWS\System32\KERNELBASE.dll
0x00007ffe30280000 - 0x00007ffe30391000 	C:\WINDOWS\System32\ucrtbase.dll
0x00007ffe15cc0000 - 0x00007ffe15cdb000 	C:\Program Files\Java\jdk-20\bin\VCRUNTIME140.dll
0x00007ffe15d10000 - 0x00007ffe15d29000 	C:\Program Files\Java\jdk-20\bin\jli.dll
0x00007ffe316a0000 - 0x00007ffe3174e000 	C:\WINDOWS\System32\ADVAPI32.dll
0x00007ffe308b0000 - 0x00007ffe30957000 	C:\WINDOWS\System32\msvcrt.dll
0x00007ffe322a0000 - 0x00007ffe32344000 	C:\WINDOWS\System32\sechost.dll
0x00007ffe310e0000 - 0x00007ffe311f7000 	C:\WINDOWS\System32\RPCRT4.dll
0x00007ffe314f0000 - 0x00007ffe3169a000 	C:\WINDOWS\System32\USER32.dll
0x00007ffe303a0000 - 0x00007ffe303c6000 	C:\WINDOWS\System32\win32u.dll
0x00007ffe30ed0000 - 0x00007ffe30ef9000 	C:\WINDOWS\System32\GDI32.dll
0x00007ffe0ce90000 - 0x00007ffe0d11e000 	C:\WINDOWS\WinSxS\amd64_microsoft.windows.common-controls_6595b64144ccf1df_6.0.22621.1635_none_270f70857386168e\COMCTL32.dll
0x00007ffe2fed0000 - 0x00007ffe2ffe9000 	C:\WINDOWS\System32\gdi32full.dll
0x00007ffe301e0000 - 0x00007ffe3027a000 	C:\WINDOWS\System32\msvcp_win.dll
0x00007ffe24d20000 - 0x00007ffe24d2a000 	C:\WINDOWS\SYSTEM32\VERSION.dll
0x00007ffe32350000 - 0x00007ffe32381000 	C:\WINDOWS\System32\IMM32.DLL
0x00007ffe15cb0000 - 0x00007ffe15cbc000 	C:\Program Files\Java\jdk-20\bin\vcruntime140_1.dll
0x00007ffdfdde0000 - 0x00007ffdfde6e000 	C:\Program Files\Java\jdk-20\bin\msvcp140.dll
0x00007ffdd9980000 - 0x00007ffdda617000 	C:\Program Files\Java\jdk-20\bin\server\jvm.dll
0x00007ffe0e820000 - 0x00007ffe0e829000 	C:\WINDOWS\SYSTEM32\WSOCK32.dll
0x00007ffe25e60000 - 0x00007ffe25e94000 	C:\WINDOWS\SYSTEM32\WINMM.dll
0x00007ffe30cf0000 - 0x00007ffe30d61000 	C:\WINDOWS\System32\WS2_32.dll
0x00007ffe2eef0000 - 0x00007ffe2ef08000 	C:\WINDOWS\SYSTEM32\kernel.appcore.dll
0x00007ffe15ca0000 - 0x00007ffe15caa000 	C:\Program Files\Java\jdk-20\bin\jimage.dll
0x00007ffe2d6a0000 - 0x00007ffe2d8ce000 	C:\WINDOWS\SYSTEM32\DBGHELP.DLL
0x00007ffe30960000 - 0x00007ffe30ce9000 	C:\WINDOWS\System32\combase.dll
0x00007ffe329b0000 - 0x00007ffe32a87000 	C:\WINDOWS\System32\OLEAUT32.dll
0x00007ffe167e0000 - 0x00007ffe16812000 	C:\WINDOWS\SYSTEM32\dbgcore.DLL
0x00007ffe30160000 - 0x00007ffe301da000 	C:\WINDOWS\System32\bcryptPrimitives.dll
0x00007ffe10450000 - 0x00007ffe10476000 	C:\Program Files\Java\jdk-20\bin\java.dll

dbghelp: loaded successfully - version: 4.0.5 - missing functions: none
symbol engine: initialized successfully - sym options: 0x614 - pdb path: .;C:\Program Files\Java\jdk-20\bin;C:\WINDOWS\SYSTEM32;C:\WINDOWS\WinSxS\amd64_microsoft.windows.common-controls_6595b64144ccf1df_6.0.22621.1635_none_270f70857386168e;C:\Program Files\Java\jdk-20\bin\server

VM Arguments:
jvm_args: --enable-preview -XX:+ShowCodeDetailsInExceptionMessages 
java_command: StackQuestios.q1
java_class_path (initial): C:\Users\Lalji Sankhat\AppData\Roaming\Code\User\workspaceStorage\abe989df32c506364d27b11fee7d2680\redhat.java\jdt_ws\stacks_6c4416a4\bin
Launcher Type: SUN_STANDARD

[Global flags]
     intx CICompilerCount                          = 12                                        {product} {ergonomic}
     uint ConcGCThreads                            = 3                                         {product} {ergonomic}
     uint G1ConcRefinementThreads                  = 13                                        {product} {ergonomic}
   size_t G1HeapRegionSize                         = 2097152                                   {product} {ergonomic}
    uintx GCDrainStackTargetSize                   = 64                                        {product} {ergonomic}
   size_t InitialHeapSize                          = 264241152                                 {product} {ergonomic}
   size_t MarkStackSize                            = 4194304                                   {product} {ergonomic}
   size_t MaxHeapSize                              = 4202692608                                {product} {ergonomic}
   size_t MinHeapDeltaBytes                        = 2097152                                   {product} {ergonomic}
   size_t MinHeapSize                              = 8388608                                   {product} {ergonomic}
    uintx NonNMethodCodeHeapSize                   = 7602480                                {pd product} {ergonomic}
    uintx NonProfiledCodeHeapSize                  = 122027880                              {pd product} {ergonomic}
    uintx ProfiledCodeHeapSize                     = 122027880                              {pd product} {ergonomic}
    uintx ReservedCodeCacheSize                    = 251658240                              {pd product} {ergonomic}
     bool SegmentedCodeCache                       = true                                      {product} {ergonomic}
     bool ShowCodeDetailsInExceptionMessages       = true                                   {manageable} {command line}
   size_t SoftMaxHeapSize                          = 4202692608                             {manageable} {ergonomic}
     bool UseCompressedClassPointers               = true                           {product lp64_product} {ergonomic}
     bool UseCompressedOops                        = true                           {product lp64_product} {ergonomic}
     bool UseG1GC                                  = true                                      {product} {ergonomic}
     bool UseLargePagesIndividualAllocation        = false                                  {pd product} {ergonomic}

Logging:
Log output configuration:
 #0: stdout all=warning uptime,level,tags foldmultilines=false
 #1: stderr all=off uptime,level,tags foldmultilines=false

Environment Variables:
PATH=C:\Program Files\Common Files\Oracle\Java\javapath;C:\WINDOWS\system32;C:\WINDOWS;C:\WINDOWS\System32\Wbem;C:\WINDOWS\System32\WindowsPowerShell\v1.0\;C:\WINDOWS\System32\OpenSSH\;C:\MinGW\bin;C:\Users\Lalji Sankhat\AppData\Local\Microsoft\WindowsApps;;C:\Users\Lalji Sankhat\AppData\Local\Programs\Microsoft VS Code\bin;C:\Program Files\JetBrains\IntelliJ IDEA 2023.1.3\bin;
USERNAME=Lalji Sankhat
LANG=en_US.UTF-8
OS=Windows_NT
PROCESSOR_IDENTIFIER=Intel64 Family 6 Model 186 Stepping 2, GenuineIntel
TMP=C:\Users\LALJIS~1\AppData\Local\Temp
TEMP=C:\Users\LALJIS~1\AppData\Local\Temp




---------------  S Y S T E M  ---------------

OS:
 Windows 11 , 64 bit Build 22621 (10.0.22621.1928)
OS uptime: 38 days 23:10 hours
Hyper-V role detected

CPU: total 16 (initial active 16) (8 cores per cpu, 2 threads per core) family 6 model 186 stepping 2 microcode 0x410e, cx8, cmov, fxsr, ht, mmx, 3dnowpref, sse, sse2, sse3, ssse3, sse4.1, sse4.2, popcnt, lzcnt, tsc, tscinvbit, avx, avx2, aes, erms, clmul, bmi1, bmi2, adx, sha, fma, vzeroupper, clflush, clflushopt, clwb, hv, serialize, rdtscp, rdpid, fsrm, f16c, cet_ibt, cet_ss

Memory: 4k page, system-wide physical 16024M (0M free)
TotalPageFile size 26959M (AvailPageFile size 24M)
current process WorkingSet (physical memory assigned to process): 6M, peak: 6M
current process commit charge ("private bytes"): 71M, peak: 322M

vm_info: Java HotSpot(TM) 64-Bit Server VM (20.0.1+9-29) for windows-amd64 JRE (20.0.1+9-29), built on 2023-03-07T13:56:11Z by "mach5one" with MS VC++ 17.1 (VS2022)

END.
